f:\github\opengl-test\t001\debug\t001.pch
f:\github\opengl-test\t001\debug\vc120.pdb
f:\github\opengl-test\t001\debug\vc120.idb
f:\github\opengl-test\t001\debug\stdafx.obj
f:\github\opengl-test\t001\debug\test.obj
f:\ogl test\opengl-test\t001\debug\t001.pch
f:\ogl test\opengl-test\t001\debug\vc120.pdb
f:\ogl test\opengl-test\t001\debug\vc120.idb
f:\ogl test\opengl-test\t001\debug\stdafx.obj
f:\ogl test\opengl-test\t001\debug\test.obj
f:\github\opengl-test\debug\t001.ilk
f:\github\opengl-test\debug\t001.exe
f:\github\opengl-test\debug\t001.pdb
f:\ogl test\opengl-test\debug\t001.ilk
f:\ogl test\opengl-test\debug\t001.exe
f:\ogl test\opengl-test\debug\t001.pdb
f:\ogl test\opengl-test\t001\debug\t001.tlog\cl.command.1.tlog
f:\ogl test\opengl-test\t001\debug\t001.tlog\cl.read.1.tlog
f:\ogl test\opengl-test\t001\debug\t001.tlog\cl.write.1.tlog
f:\ogl test\opengl-test\t001\debug\t001.tlog\link.command.1.tlog
f:\ogl test\opengl-test\t001\debug\t001.tlog\link.read.1.tlog
f:\ogl test\opengl-test\t001\debug\t001.tlog\link.write.1.tlog
