f:\github\opengl-test\t002\debug\vc120.pdb
f:\github\opengl-test\t002\debug\vc120.idb
f:\github\opengl-test\t002\debug\stdafx.obj
f:\github\opengl-test\t002\debug\t002.obj
f:\ogl test\opengl-test\t002\debug\vc120.pdb
f:\ogl test\opengl-test\t002\debug\vc120.idb
f:\ogl test\opengl-test\t002\debug\stdafx.obj
f:\ogl test\opengl-test\t002\debug\t002.obj
f:\github\opengl-test\debug\t002.ilk
f:\github\opengl-test\debug\t002.exe
f:\github\opengl-test\debug\t002.pdb
f:\ogl test\opengl-test\debug\t002.ilk
f:\ogl test\opengl-test\debug\t002.exe
f:\ogl test\opengl-test\debug\t002.pdb
f:\ogl test\opengl-test\t002\debug\t002.tlog\cl.command.1.tlog
f:\ogl test\opengl-test\t002\debug\t002.tlog\cl.read.1.tlog
f:\ogl test\opengl-test\t002\debug\t002.tlog\cl.write.1.tlog
f:\ogl test\opengl-test\t002\debug\t002.tlog\link.command.1.tlog
f:\ogl test\opengl-test\t002\debug\t002.tlog\link.read.1.tlog
f:\ogl test\opengl-test\t002\debug\t002.tlog\link.write.1.tlog
